2025-02-06 14:33:58,945 ERROR scheduler Skipped queueing frappe.email.queue.flush because it was found in queue for development.localhost
2025-02-06 14:46:06,856 ERROR scheduler Skipped queueing frappe.email.doctype.email_account.email_account.notify_unreplied because it was found in queue for development.localhost
2025-02-06 14:46:06,865 ERROR scheduler Skipped queueing frappe.twofactor.delete_all_barcodes_for_users because it was found in queue for development.localhost
2025-02-06 14:46:06,873 ERROR scheduler Skipped queueing frappe.website.doctype.web_page.web_page.check_publish_status because it was found in queue for development.localhost
2025-02-06 14:46:06,882 ERROR scheduler Skipped queueing frappe.oauth.delete_oauth2_data because it was found in queue for development.localhost
2025-02-06 15:01:16,557 ERROR scheduler Skipped queueing erpnext.utilities.doctype.video.video.update_youtube_data because it was found in queue for development.localhost
2025-02-06 15:01:16,572 ERROR scheduler Skipped queueing erpnext.accounts.doctype.process_payment_reconciliation.process_payment_reconciliation.trigger_reconciliation_for_queued_docs because it was found in queue for development.localhost
2025-02-06 15:01:16,580 ERROR scheduler Skipped queueing erpnext.manufacturing.doctype.bom_update_log.bom_update_log.resume_bom_cost_update_jobs because it was found in queue for development.localhost
2025-02-06 15:01:16,682 ERROR scheduler Skipped queueing frappe.website.doctype.personal_data_deletion_request.personal_data_deletion_request.process_data_deletion_request because it was found in queue for development.localhost
2025-02-06 15:01:16,690 ERROR scheduler Skipped queueing frappe.email.doctype.newsletter.newsletter.send_scheduled_email because it was found in queue for development.localhost
2025-02-06 15:01:16,698 ERROR scheduler Skipped queueing frappe.integrations.doctype.google_calendar.google_calendar.sync because it was found in queue for development.localhost
2025-02-06 15:01:16,708 ERROR scheduler Skipped queueing frappe.desk.form.document_follow.send_hourly_updates because it was found in queue for development.localhost
2025-02-06 15:01:16,719 ERROR scheduler Skipped queueing frappe.desk.page.backups.backups.delete_downloadable_backups because it was found in queue for development.localhost
2025-02-06 15:01:16,727 ERROR scheduler Skipped queueing frappe.model.utils.user_settings.sync_user_settings because it was found in queue for development.localhost
2025-02-06 15:01:16,736 ERROR scheduler Skipped queueing frappe.model.utils.link_count.update_link_count because it was found in queue for development.localhost
2025-02-06 15:01:16,745 ERROR scheduler Skipped queueing frappe.automation.doctype.reminder.reminder.send_reminders because it was found in queue for development.localhost
2025-02-06 15:01:16,754 ERROR scheduler Skipped queueing frappe.monitor.flush because it was found in queue for development.localhost
2025-02-06 15:01:16,762 ERROR scheduler Skipped queueing frappe.email.queue.flush because it was found in queue for development.localhost
2025-02-06 15:01:16,787 ERROR scheduler Skipped queueing frappe.deferred_insert.save_to_db because it was found in queue for development.localhost
2025-02-06 15:01:16,797 ERROR scheduler Skipped queueing frappe.utils.global_search.sync_global_search because it was found in queue for development.localhost
2025-02-06 15:01:16,806 ERROR scheduler Skipped queueing frappe.email.doctype.email_account.email_account.notify_unreplied because it was found in queue for development.localhost
2025-02-06 15:01:16,815 ERROR scheduler Skipped queueing frappe.twofactor.delete_all_barcodes_for_users because it was found in queue for development.localhost
2025-02-06 15:01:16,825 ERROR scheduler Skipped queueing frappe.website.doctype.web_page.web_page.check_publish_status because it was found in queue for development.localhost
2025-02-06 15:01:16,835 ERROR scheduler Skipped queueing frappe.oauth.delete_oauth2_data because it was found in queue for development.localhost
2025-02-06 15:02:17,465 ERROR scheduler Skipped queueing frappe.integrations.doctype.google_calendar.google_calendar.sync because it was found in queue for development.localhost
2025-02-06 15:02:17,476 ERROR scheduler Skipped queueing frappe.desk.form.document_follow.send_hourly_updates because it was found in queue for development.localhost
2025-02-06 15:02:17,486 ERROR scheduler Skipped queueing frappe.desk.page.backups.backups.delete_downloadable_backups because it was found in queue for development.localhost
2025-02-06 15:02:17,498 ERROR scheduler Skipped queueing frappe.model.utils.user_settings.sync_user_settings because it was found in queue for development.localhost
2025-02-06 15:02:17,508 ERROR scheduler Skipped queueing frappe.model.utils.link_count.update_link_count because it was found in queue for development.localhost
2025-02-06 15:02:17,521 ERROR scheduler Skipped queueing frappe.automation.doctype.reminder.reminder.send_reminders because it was found in queue for development.localhost
2025-02-06 15:02:17,532 ERROR scheduler Skipped queueing frappe.monitor.flush because it was found in queue for development.localhost
2025-02-06 15:02:17,544 ERROR scheduler Skipped queueing frappe.email.queue.flush because it was found in queue for development.localhost
2025-02-06 15:02:17,566 ERROR scheduler Skipped queueing frappe.email.doctype.email_account.email_account.pull because it was found in queue for development.localhost
2025-02-06 15:02:17,576 ERROR scheduler Skipped queueing frappe.deferred_insert.save_to_db because it was found in queue for development.localhost
2025-02-06 15:02:17,587 ERROR scheduler Skipped queueing frappe.utils.global_search.sync_global_search because it was found in queue for development.localhost
2025-02-06 15:02:17,598 ERROR scheduler Skipped queueing frappe.email.doctype.email_account.email_account.notify_unreplied because it was found in queue for development.localhost
2025-02-06 15:02:17,610 ERROR scheduler Skipped queueing frappe.twofactor.delete_all_barcodes_for_users because it was found in queue for development.localhost
2025-02-06 15:02:17,621 ERROR scheduler Skipped queueing frappe.website.doctype.web_page.web_page.check_publish_status because it was found in queue for development.localhost
2025-02-06 15:02:17,632 ERROR scheduler Skipped queueing frappe.oauth.delete_oauth2_data because it was found in queue for development.localhost
2025-02-06 15:03:18,258 ERROR scheduler Skipped queueing frappe.model.utils.link_count.update_link_count because it was found in queue for development.localhost
2025-02-06 15:03:18,266 ERROR scheduler Skipped queueing frappe.automation.doctype.reminder.reminder.send_reminders because it was found in queue for development.localhost
2025-02-06 15:03:18,276 ERROR scheduler Skipped queueing frappe.monitor.flush because it was found in queue for development.localhost
2025-02-06 15:03:18,286 ERROR scheduler Skipped queueing frappe.email.queue.flush because it was found in queue for development.localhost
2025-02-06 15:03:18,304 ERROR scheduler Skipped queueing frappe.email.doctype.email_account.email_account.pull because it was found in queue for development.localhost
2025-02-06 15:03:18,313 ERROR scheduler Skipped queueing frappe.deferred_insert.save_to_db because it was found in queue for development.localhost
2025-02-06 15:03:18,323 ERROR scheduler Skipped queueing frappe.utils.global_search.sync_global_search because it was found in queue for development.localhost
2025-02-06 15:03:18,331 ERROR scheduler Skipped queueing frappe.email.doctype.email_account.email_account.notify_unreplied because it was found in queue for development.localhost
2025-02-06 15:03:18,341 ERROR scheduler Skipped queueing frappe.twofactor.delete_all_barcodes_for_users because it was found in queue for development.localhost
2025-02-06 15:03:18,349 ERROR scheduler Skipped queueing frappe.website.doctype.web_page.web_page.check_publish_status because it was found in queue for development.localhost
2025-02-06 15:03:18,358 ERROR scheduler Skipped queueing frappe.oauth.delete_oauth2_data because it was found in queue for development.localhost
2025-02-06 15:04:18,719 ERROR scheduler Skipped queueing erpnext.utilities.bulk_transaction.retry because it was found in queue for development.localhost
2025-02-06 15:04:19,087 ERROR scheduler Skipped queueing frappe.deferred_insert.save_to_db because it was found in queue for development.localhost
2025-02-06 15:04:19,095 ERROR scheduler Skipped queueing frappe.utils.global_search.sync_global_search because it was found in queue for development.localhost
2025-02-06 15:04:19,103 ERROR scheduler Skipped queueing frappe.email.doctype.email_account.email_account.notify_unreplied because it was found in queue for development.localhost
2025-02-06 15:04:19,114 ERROR scheduler Skipped queueing frappe.twofactor.delete_all_barcodes_for_users because it was found in queue for development.localhost
2025-02-06 15:04:19,122 ERROR scheduler Skipped queueing frappe.website.doctype.web_page.web_page.check_publish_status because it was found in queue for development.localhost
2025-02-06 15:04:19,131 ERROR scheduler Skipped queueing frappe.oauth.delete_oauth2_data because it was found in queue for development.localhost
2025-02-06 15:05:19,504 ERROR scheduler Skipped queueing erpnext.utilities.bulk_transaction.retry because it was found in queue for development.localhost
2025-02-06 15:05:19,817 ERROR scheduler Skipped queueing frappe.automation.doctype.reminder.reminder.send_reminders because it was found in queue for development.localhost
2025-02-06 15:05:19,828 ERROR scheduler Skipped queueing frappe.monitor.flush because it was found in queue for development.localhost
2025-02-06 15:05:19,873 ERROR scheduler Skipped queueing frappe.website.doctype.web_page.web_page.check_publish_status because it was found in queue for development.localhost
2025-02-06 15:05:19,883 ERROR scheduler Skipped queueing frappe.oauth.delete_oauth2_data because it was found in queue for development.localhost
2025-02-06 15:06:20,182 ERROR scheduler Skipped queueing erpnext.utilities.bulk_transaction.retry because it was found in queue for development.localhost
2025-02-06 15:06:20,190 ERROR scheduler Skipped queueing erpnext.stock.doctype.repost_item_valuation.repost_item_valuation.repost_entries because it was found in queue for development.localhost
2025-02-06 15:06:20,457 ERROR scheduler Skipped queueing frappe.monitor.flush because it was found in queue for development.localhost
2025-02-06 15:16:27,091 ERROR scheduler Skipped queueing frappe.twofactor.delete_all_barcodes_for_users because it was found in queue for development.localhost
2025-02-06 15:17:27,750 ERROR scheduler Skipped queueing frappe.email.queue.flush because it was found in queue for development.localhost
2025-02-06 15:31:36,857 ERROR scheduler Skipped queueing frappe.core.doctype.prepared_report.prepared_report.expire_stalled_report because it was found in queue for development.localhost
2025-02-06 15:31:36,866 ERROR scheduler Skipped queueing frappe.email.doctype.email_account.email_account.pull because it was found in queue for development.localhost
2025-02-06 15:31:36,875 ERROR scheduler Skipped queueing frappe.deferred_insert.save_to_db because it was found in queue for development.localhost
2025-02-06 15:31:36,883 ERROR scheduler Skipped queueing frappe.utils.global_search.sync_global_search because it was found in queue for development.localhost
2025-02-06 15:31:36,891 ERROR scheduler Skipped queueing frappe.email.doctype.email_account.email_account.notify_unreplied because it was found in queue for development.localhost
2025-02-06 15:31:36,899 ERROR scheduler Skipped queueing frappe.twofactor.delete_all_barcodes_for_users because it was found in queue for development.localhost
2025-02-06 15:31:36,908 ERROR scheduler Skipped queueing frappe.website.doctype.web_page.web_page.check_publish_status because it was found in queue for development.localhost
2025-02-06 15:31:36,916 ERROR scheduler Skipped queueing frappe.oauth.delete_oauth2_data because it was found in queue for development.localhost
2025-02-06 15:32:37,594 ERROR scheduler Skipped queueing frappe.email.doctype.email_account.email_account.notify_unreplied because it was found in queue for development.localhost
2025-02-06 15:32:37,602 ERROR scheduler Skipped queueing frappe.twofactor.delete_all_barcodes_for_users because it was found in queue for development.localhost
2025-02-06 15:32:37,611 ERROR scheduler Skipped queueing frappe.website.doctype.web_page.web_page.check_publish_status because it was found in queue for development.localhost
2025-02-06 15:32:37,619 ERROR scheduler Skipped queueing frappe.oauth.delete_oauth2_data because it was found in queue for development.localhost
2025-02-06 15:33:38,173 ERROR scheduler Skipped queueing frappe.email.queue.flush because it was found in queue for development.localhost
2025-02-06 15:46:46,447 ERROR scheduler Skipped queueing frappe.twofactor.delete_all_barcodes_for_users because it was found in queue for development.localhost
2025-02-06 15:46:46,455 ERROR scheduler Skipped queueing frappe.website.doctype.web_page.web_page.check_publish_status because it was found in queue for development.localhost
2025-02-06 15:46:46,462 ERROR scheduler Skipped queueing frappe.oauth.delete_oauth2_data because it was found in queue for development.localhost
2025-02-06 16:01:56,365 ERROR scheduler Skipped queueing erpnext.utilities.doctype.video.video.update_youtube_data because it was found in queue for development.localhost
2025-02-06 16:01:56,381 ERROR scheduler Skipped queueing erpnext.accounts.doctype.process_payment_reconciliation.process_payment_reconciliation.trigger_reconciliation_for_queued_docs because it was found in queue for development.localhost
2025-02-06 16:01:56,391 ERROR scheduler Skipped queueing erpnext.manufacturing.doctype.bom_update_log.bom_update_log.resume_bom_cost_update_jobs because it was found in queue for development.localhost
2025-02-06 16:01:56,492 ERROR scheduler Skipped queueing frappe.website.doctype.personal_data_deletion_request.personal_data_deletion_request.process_data_deletion_request because it was found in queue for development.localhost
2025-02-06 16:01:56,501 ERROR scheduler Skipped queueing frappe.email.doctype.newsletter.newsletter.send_scheduled_email because it was found in queue for development.localhost
2025-02-06 16:01:56,510 ERROR scheduler Skipped queueing frappe.integrations.doctype.google_calendar.google_calendar.sync because it was found in queue for development.localhost
2025-02-06 16:01:56,519 ERROR scheduler Skipped queueing frappe.desk.form.document_follow.send_hourly_updates because it was found in queue for development.localhost
2025-02-06 16:01:56,528 ERROR scheduler Skipped queueing frappe.desk.page.backups.backups.delete_downloadable_backups because it was found in queue for development.localhost
2025-02-06 16:01:56,536 ERROR scheduler Skipped queueing frappe.model.utils.user_settings.sync_user_settings because it was found in queue for development.localhost
2025-02-06 16:01:56,546 ERROR scheduler Skipped queueing frappe.model.utils.link_count.update_link_count because it was found in queue for development.localhost
2025-02-06 16:01:56,554 ERROR scheduler Skipped queueing frappe.automation.doctype.reminder.reminder.send_reminders because it was found in queue for development.localhost
2025-02-06 16:01:56,562 ERROR scheduler Skipped queueing frappe.monitor.flush because it was found in queue for development.localhost
2025-02-06 16:01:56,571 ERROR scheduler Skipped queueing frappe.email.queue.flush because it was found in queue for development.localhost
2025-02-06 16:01:56,594 ERROR scheduler Skipped queueing frappe.deferred_insert.save_to_db because it was found in queue for development.localhost
2025-02-06 16:01:56,604 ERROR scheduler Skipped queueing frappe.utils.global_search.sync_global_search because it was found in queue for development.localhost
2025-02-06 16:01:56,611 ERROR scheduler Skipped queueing frappe.email.doctype.email_account.email_account.notify_unreplied because it was found in queue for development.localhost
2025-02-06 16:01:56,619 ERROR scheduler Skipped queueing frappe.twofactor.delete_all_barcodes_for_users because it was found in queue for development.localhost
2025-02-06 16:01:56,628 ERROR scheduler Skipped queueing frappe.website.doctype.web_page.web_page.check_publish_status because it was found in queue for development.localhost
2025-02-06 16:01:56,636 ERROR scheduler Skipped queueing frappe.oauth.delete_oauth2_data because it was found in queue for development.localhost
2025-02-06 16:02:57,216 ERROR scheduler Skipped queueing frappe.email.doctype.newsletter.newsletter.send_scheduled_email because it was found in queue for development.localhost
2025-02-06 16:02:57,226 ERROR scheduler Skipped queueing frappe.integrations.doctype.google_calendar.google_calendar.sync because it was found in queue for development.localhost
2025-02-06 16:02:57,235 ERROR scheduler Skipped queueing frappe.desk.form.document_follow.send_hourly_updates because it was found in queue for development.localhost
2025-02-06 16:02:57,244 ERROR scheduler Skipped queueing frappe.desk.page.backups.backups.delete_downloadable_backups because it was found in queue for development.localhost
2025-02-06 16:02:57,252 ERROR scheduler Skipped queueing frappe.model.utils.user_settings.sync_user_settings because it was found in queue for development.localhost
2025-02-06 16:02:57,261 ERROR scheduler Skipped queueing frappe.model.utils.link_count.update_link_count because it was found in queue for development.localhost
2025-02-06 16:02:57,270 ERROR scheduler Skipped queueing frappe.automation.doctype.reminder.reminder.send_reminders because it was found in queue for development.localhost
2025-02-06 16:02:57,279 ERROR scheduler Skipped queueing frappe.monitor.flush because it was found in queue for development.localhost
2025-02-06 16:02:57,289 ERROR scheduler Skipped queueing frappe.email.queue.flush because it was found in queue for development.localhost
2025-02-06 16:02:57,306 ERROR scheduler Skipped queueing frappe.email.doctype.email_account.email_account.pull because it was found in queue for development.localhost
2025-02-06 16:02:57,314 ERROR scheduler Skipped queueing frappe.deferred_insert.save_to_db because it was found in queue for development.localhost
2025-02-06 16:02:57,323 ERROR scheduler Skipped queueing frappe.utils.global_search.sync_global_search because it was found in queue for development.localhost
2025-02-06 16:02:57,332 ERROR scheduler Skipped queueing frappe.email.doctype.email_account.email_account.notify_unreplied because it was found in queue for development.localhost
2025-02-06 16:02:57,340 ERROR scheduler Skipped queueing frappe.twofactor.delete_all_barcodes_for_users because it was found in queue for development.localhost
2025-02-06 16:02:57,350 ERROR scheduler Skipped queueing frappe.website.doctype.web_page.web_page.check_publish_status because it was found in queue for development.localhost
2025-02-06 16:02:57,358 ERROR scheduler Skipped queueing frappe.oauth.delete_oauth2_data because it was found in queue for development.localhost
2025-02-06 16:03:57,682 ERROR scheduler Skipped queueing erpnext.stock.doctype.repost_item_valuation.repost_item_valuation.repost_entries because it was found in queue for development.localhost
2025-02-06 16:03:57,957 ERROR scheduler Skipped queueing frappe.model.utils.user_settings.sync_user_settings because it was found in queue for development.localhost
2025-02-06 16:03:57,968 ERROR scheduler Skipped queueing frappe.model.utils.link_count.update_link_count because it was found in queue for development.localhost
2025-02-06 16:03:57,977 ERROR scheduler Skipped queueing frappe.automation.doctype.reminder.reminder.send_reminders because it was found in queue for development.localhost
2025-02-06 16:03:57,987 ERROR scheduler Skipped queueing frappe.monitor.flush because it was found in queue for development.localhost
2025-02-06 16:03:57,996 ERROR scheduler Skipped queueing frappe.email.queue.flush because it was found in queue for development.localhost
2025-02-06 16:03:58,014 ERROR scheduler Skipped queueing frappe.email.doctype.email_account.email_account.pull because it was found in queue for development.localhost
2025-02-06 16:03:58,023 ERROR scheduler Skipped queueing frappe.deferred_insert.save_to_db because it was found in queue for development.localhost
2025-02-06 16:03:58,032 ERROR scheduler Skipped queueing frappe.utils.global_search.sync_global_search because it was found in queue for development.localhost
2025-02-06 16:03:58,041 ERROR scheduler Skipped queueing frappe.email.doctype.email_account.email_account.notify_unreplied because it was found in queue for development.localhost
2025-02-06 16:03:58,051 ERROR scheduler Skipped queueing frappe.twofactor.delete_all_barcodes_for_users because it was found in queue for development.localhost
2025-02-06 16:03:58,060 ERROR scheduler Skipped queueing frappe.website.doctype.web_page.web_page.check_publish_status because it was found in queue for development.localhost
2025-02-06 16:03:58,068 ERROR scheduler Skipped queueing frappe.oauth.delete_oauth2_data because it was found in queue for development.localhost
2025-02-06 16:04:58,383 ERROR scheduler Skipped queueing erpnext.stock.doctype.repost_item_valuation.repost_item_valuation.repost_entries because it was found in queue for development.localhost
2025-02-06 16:04:58,720 ERROR scheduler Skipped queueing frappe.email.doctype.email_account.email_account.pull because it was found in queue for development.localhost
2025-02-06 16:04:58,728 ERROR scheduler Skipped queueing frappe.deferred_insert.save_to_db because it was found in queue for development.localhost
2025-02-06 16:04:58,737 ERROR scheduler Skipped queueing frappe.utils.global_search.sync_global_search because it was found in queue for development.localhost
2025-02-06 16:04:58,746 ERROR scheduler Skipped queueing frappe.email.doctype.email_account.email_account.notify_unreplied because it was found in queue for development.localhost
2025-02-06 16:04:58,755 ERROR scheduler Skipped queueing frappe.twofactor.delete_all_barcodes_for_users because it was found in queue for development.localhost
2025-02-06 16:04:58,763 ERROR scheduler Skipped queueing frappe.website.doctype.web_page.web_page.check_publish_status because it was found in queue for development.localhost
2025-02-06 16:04:58,771 ERROR scheduler Skipped queueing frappe.oauth.delete_oauth2_data because it was found in queue for development.localhost
2025-02-06 16:05:59,129 ERROR scheduler Skipped queueing erpnext.stock.doctype.repost_item_valuation.repost_item_valuation.repost_entries because it was found in queue for development.localhost
2025-02-06 16:05:59,420 ERROR scheduler Skipped queueing frappe.twofactor.delete_all_barcodes_for_users because it was found in queue for development.localhost
2025-02-06 16:05:59,428 ERROR scheduler Skipped queueing frappe.website.doctype.web_page.web_page.check_publish_status because it was found in queue for development.localhost
2025-02-06 16:05:59,437 ERROR scheduler Skipped queueing frappe.oauth.delete_oauth2_data because it was found in queue for development.localhost
2025-02-06 16:06:59,811 ERROR scheduler Skipped queueing erpnext.utilities.bulk_transaction.retry because it was found in queue for development.localhost
2025-02-06 16:06:59,819 ERROR scheduler Skipped queueing erpnext.stock.doctype.repost_item_valuation.repost_item_valuation.repost_entries because it was found in queue for development.localhost
2025-02-06 16:16:06,262 ERROR scheduler Skipped queueing frappe.twofactor.delete_all_barcodes_for_users because it was found in queue for development.localhost
2025-02-06 16:16:06,271 ERROR scheduler Skipped queueing frappe.website.doctype.web_page.web_page.check_publish_status because it was found in queue for development.localhost
2025-02-06 16:16:06,280 ERROR scheduler Skipped queueing frappe.oauth.delete_oauth2_data because it was found in queue for development.localhost
2025-02-06 16:17:06,934 ERROR scheduler Skipped queueing frappe.email.queue.flush because it was found in queue for development.localhost
2025-02-06 16:17:06,954 ERROR scheduler Skipped queueing frappe.deferred_insert.save_to_db because it was found in queue for development.localhost
2025-02-06 16:31:15,950 ERROR scheduler Skipped queueing frappe.core.doctype.prepared_report.prepared_report.expire_stalled_report because it was found in queue for development.localhost
2025-02-06 16:31:15,960 ERROR scheduler Skipped queueing frappe.email.doctype.email_account.email_account.pull because it was found in queue for development.localhost
2025-02-06 16:31:15,971 ERROR scheduler Skipped queueing frappe.deferred_insert.save_to_db because it was found in queue for development.localhost
2025-02-06 16:31:15,982 ERROR scheduler Skipped queueing frappe.utils.global_search.sync_global_search because it was found in queue for development.localhost
2025-02-06 16:31:15,993 ERROR scheduler Skipped queueing frappe.email.doctype.email_account.email_account.notify_unreplied because it was found in queue for development.localhost
2025-02-06 16:31:16,005 ERROR scheduler Skipped queueing frappe.twofactor.delete_all_barcodes_for_users because it was found in queue for development.localhost
2025-02-06 16:31:16,015 ERROR scheduler Skipped queueing frappe.website.doctype.web_page.web_page.check_publish_status because it was found in queue for development.localhost
2025-02-06 16:31:16,025 ERROR scheduler Skipped queueing frappe.oauth.delete_oauth2_data because it was found in queue for development.localhost
2025-02-06 16:32:16,650 ERROR scheduler Skipped queueing frappe.email.doctype.email_account.email_account.notify_unreplied because it was found in queue for development.localhost
2025-02-06 16:32:16,662 ERROR scheduler Skipped queueing frappe.twofactor.delete_all_barcodes_for_users because it was found in queue for development.localhost
2025-02-06 16:32:16,674 ERROR scheduler Skipped queueing frappe.website.doctype.web_page.web_page.check_publish_status because it was found in queue for development.localhost
2025-02-06 16:32:16,684 ERROR scheduler Skipped queueing frappe.oauth.delete_oauth2_data because it was found in queue for development.localhost
2025-02-06 16:33:17,162 ERROR scheduler Skipped queueing frappe.automation.doctype.reminder.reminder.send_reminders because it was found in queue for development.localhost
2025-02-06 16:33:17,170 ERROR scheduler Skipped queueing frappe.monitor.flush because it was found in queue for development.localhost
2025-02-06 16:33:17,179 ERROR scheduler Skipped queueing frappe.email.queue.flush because it was found in queue for development.localhost
2025-02-06 16:46:25,515 ERROR scheduler Skipped queueing frappe.email.doctype.email_account.email_account.notify_unreplied because it was found in queue for development.localhost
2025-02-06 16:46:25,525 ERROR scheduler Skipped queueing frappe.twofactor.delete_all_barcodes_for_users because it was found in queue for development.localhost
2025-02-06 16:46:25,535 ERROR scheduler Skipped queueing frappe.website.doctype.web_page.web_page.check_publish_status because it was found in queue for development.localhost
2025-02-06 16:46:25,545 ERROR scheduler Skipped queueing frappe.oauth.delete_oauth2_data because it was found in queue for development.localhost
2025-02-06 17:01:13,957 ERROR scheduler Skipped queueing erpnext.utilities.doctype.video.video.update_youtube_data because it was found in queue for development.localhost
2025-02-06 17:01:13,974 ERROR scheduler Skipped queueing erpnext.accounts.doctype.process_payment_reconciliation.process_payment_reconciliation.trigger_reconciliation_for_queued_docs because it was found in queue for development.localhost
2025-02-06 17:01:13,982 ERROR scheduler Skipped queueing erpnext.manufacturing.doctype.bom_update_log.bom_update_log.resume_bom_cost_update_jobs because it was found in queue for development.localhost
2025-02-06 17:01:14,078 ERROR scheduler Skipped queueing frappe.website.doctype.personal_data_deletion_request.personal_data_deletion_request.process_data_deletion_request because it was found in queue for development.localhost
2025-02-06 17:01:14,086 ERROR scheduler Skipped queueing frappe.email.doctype.newsletter.newsletter.send_scheduled_email because it was found in queue for development.localhost
2025-02-06 17:01:14,093 ERROR scheduler Skipped queueing frappe.integrations.doctype.google_calendar.google_calendar.sync because it was found in queue for development.localhost
2025-02-06 17:01:14,101 ERROR scheduler Skipped queueing frappe.desk.form.document_follow.send_hourly_updates because it was found in queue for development.localhost
2025-02-06 17:01:14,110 ERROR scheduler Skipped queueing frappe.desk.page.backups.backups.delete_downloadable_backups because it was found in queue for development.localhost
2025-02-06 17:01:14,129 ERROR scheduler Skipped queueing frappe.model.utils.user_settings.sync_user_settings because it was found in queue for development.localhost
2025-02-06 17:01:14,138 ERROR scheduler Skipped queueing frappe.model.utils.link_count.update_link_count because it was found in queue for development.localhost
2025-02-06 17:01:14,147 ERROR scheduler Skipped queueing frappe.automation.doctype.reminder.reminder.send_reminders because it was found in queue for development.localhost
2025-02-06 17:01:14,155 ERROR scheduler Skipped queueing frappe.monitor.flush because it was found in queue for development.localhost
2025-02-06 17:01:14,164 ERROR scheduler Skipped queueing frappe.email.queue.flush because it was found in queue for development.localhost
2025-02-06 17:01:14,190 ERROR scheduler Skipped queueing frappe.deferred_insert.save_to_db because it was found in queue for development.localhost
2025-02-06 17:01:14,198 ERROR scheduler Skipped queueing frappe.utils.global_search.sync_global_search because it was found in queue for development.localhost
2025-02-06 17:01:14,206 ERROR scheduler Skipped queueing frappe.email.doctype.email_account.email_account.notify_unreplied because it was found in queue for development.localhost
2025-02-06 17:01:14,215 ERROR scheduler Skipped queueing frappe.twofactor.delete_all_barcodes_for_users because it was found in queue for development.localhost
2025-02-06 17:01:14,223 ERROR scheduler Skipped queueing frappe.website.doctype.web_page.web_page.check_publish_status because it was found in queue for development.localhost
2025-02-06 17:01:14,232 ERROR scheduler Skipped queueing frappe.oauth.delete_oauth2_data because it was found in queue for development.localhost
2025-02-06 17:02:14,749 ERROR scheduler Skipped queueing frappe.integrations.doctype.google_calendar.google_calendar.sync because it was found in queue for development.localhost
2025-02-06 17:02:14,758 ERROR scheduler Skipped queueing frappe.desk.form.document_follow.send_hourly_updates because it was found in queue for development.localhost
2025-02-06 17:02:14,767 ERROR scheduler Skipped queueing frappe.desk.page.backups.backups.delete_downloadable_backups because it was found in queue for development.localhost
2025-02-06 17:02:14,776 ERROR scheduler Skipped queueing frappe.model.utils.user_settings.sync_user_settings because it was found in queue for development.localhost
2025-02-06 17:02:14,784 ERROR scheduler Skipped queueing frappe.model.utils.link_count.update_link_count because it was found in queue for development.localhost
2025-02-06 17:02:14,793 ERROR scheduler Skipped queueing frappe.automation.doctype.reminder.reminder.send_reminders because it was found in queue for development.localhost
2025-02-06 17:02:14,801 ERROR scheduler Skipped queueing frappe.monitor.flush because it was found in queue for development.localhost
2025-02-06 17:02:14,811 ERROR scheduler Skipped queueing frappe.email.queue.flush because it was found in queue for development.localhost
2025-02-06 17:02:14,827 ERROR scheduler Skipped queueing frappe.email.doctype.email_account.email_account.pull because it was found in queue for development.localhost
2025-02-06 17:02:14,836 ERROR scheduler Skipped queueing frappe.deferred_insert.save_to_db because it was found in queue for development.localhost
2025-02-06 17:02:14,846 ERROR scheduler Skipped queueing frappe.utils.global_search.sync_global_search because it was found in queue for development.localhost
2025-02-06 17:02:14,854 ERROR scheduler Skipped queueing frappe.email.doctype.email_account.email_account.notify_unreplied because it was found in queue for development.localhost
2025-02-06 17:02:14,863 ERROR scheduler Skipped queueing frappe.twofactor.delete_all_barcodes_for_users because it was found in queue for development.localhost
2025-02-06 17:02:14,871 ERROR scheduler Skipped queueing frappe.website.doctype.web_page.web_page.check_publish_status because it was found in queue for development.localhost
2025-02-06 17:02:14,880 ERROR scheduler Skipped queueing frappe.oauth.delete_oauth2_data because it was found in queue for development.localhost
2025-02-06 17:03:15,405 ERROR scheduler Skipped queueing frappe.automation.doctype.reminder.reminder.send_reminders because it was found in queue for development.localhost
2025-02-06 17:03:15,423 ERROR scheduler Skipped queueing frappe.monitor.flush because it was found in queue for development.localhost
2025-02-06 17:03:15,431 ERROR scheduler Skipped queueing frappe.email.queue.flush because it was found in queue for development.localhost
2025-02-06 17:03:15,444 ERROR scheduler Skipped queueing frappe.email.doctype.email_account.email_account.pull because it was found in queue for development.localhost
2025-02-06 17:03:15,453 ERROR scheduler Skipped queueing frappe.deferred_insert.save_to_db because it was found in queue for development.localhost
2025-02-06 17:03:15,461 ERROR scheduler Skipped queueing frappe.utils.global_search.sync_global_search because it was found in queue for development.localhost
2025-02-06 17:03:15,468 ERROR scheduler Skipped queueing frappe.email.doctype.email_account.email_account.notify_unreplied because it was found in queue for development.localhost
2025-02-06 17:03:15,476 ERROR scheduler Skipped queueing frappe.twofactor.delete_all_barcodes_for_users because it was found in queue for development.localhost
2025-02-06 17:03:15,484 ERROR scheduler Skipped queueing frappe.website.doctype.web_page.web_page.check_publish_status because it was found in queue for development.localhost
2025-02-06 17:03:15,492 ERROR scheduler Skipped queueing frappe.oauth.delete_oauth2_data because it was found in queue for development.localhost
2025-02-06 17:04:16,050 ERROR scheduler Skipped queueing frappe.deferred_insert.save_to_db because it was found in queue for development.localhost
2025-02-06 17:04:16,059 ERROR scheduler Skipped queueing frappe.utils.global_search.sync_global_search because it was found in queue for development.localhost
2025-02-06 17:04:16,067 ERROR scheduler Skipped queueing frappe.email.doctype.email_account.email_account.notify_unreplied because it was found in queue for development.localhost
2025-02-06 17:04:16,076 ERROR scheduler Skipped queueing frappe.twofactor.delete_all_barcodes_for_users because it was found in queue for development.localhost
2025-02-06 17:04:16,087 ERROR scheduler Skipped queueing frappe.website.doctype.web_page.web_page.check_publish_status because it was found in queue for development.localhost
2025-02-06 17:04:16,096 ERROR scheduler Skipped queueing frappe.oauth.delete_oauth2_data because it was found in queue for development.localhost
2025-02-06 17:05:16,623 ERROR scheduler Skipped queueing frappe.automation.doctype.reminder.reminder.send_reminders because it was found in queue for development.localhost
2025-02-06 17:05:16,632 ERROR scheduler Skipped queueing frappe.monitor.flush because it was found in queue for development.localhost
2025-02-06 17:05:16,640 ERROR scheduler Skipped queueing frappe.email.queue.flush because it was found in queue for development.localhost
2025-02-06 17:05:16,675 ERROR scheduler Skipped queueing frappe.oauth.delete_oauth2_data because it was found in queue for development.localhost
2025-02-06 17:06:17,008 ERROR scheduler Skipped queueing erpnext.stock.doctype.repost_item_valuation.repost_item_valuation.repost_entries because it was found in queue for development.localhost
2025-02-06 17:06:17,272 ERROR scheduler Skipped queueing frappe.email.queue.flush because it was found in queue for development.localhost
2025-02-06 17:16:23,237 ERROR scheduler Skipped queueing frappe.email.doctype.email_account.email_account.notify_unreplied because it was found in queue for development.localhost
2025-02-06 17:16:23,246 ERROR scheduler Skipped queueing frappe.twofactor.delete_all_barcodes_for_users because it was found in queue for development.localhost
2025-02-06 17:16:23,255 ERROR scheduler Skipped queueing frappe.website.doctype.web_page.web_page.check_publish_status because it was found in queue for development.localhost
2025-02-06 17:17:23,868 ERROR scheduler Skipped queueing frappe.automation.doctype.reminder.reminder.send_reminders because it was found in queue for development.localhost
2025-02-06 17:17:23,877 ERROR scheduler Skipped queueing frappe.monitor.flush because it was found in queue for development.localhost
2025-02-06 17:17:23,886 ERROR scheduler Skipped queueing frappe.email.queue.flush because it was found in queue for development.localhost
2025-02-06 17:31:32,302 ERROR scheduler Skipped queueing frappe.core.doctype.prepared_report.prepared_report.expire_stalled_report because it was found in queue for development.localhost
2025-02-06 17:31:32,311 ERROR scheduler Skipped queueing frappe.email.doctype.email_account.email_account.pull because it was found in queue for development.localhost
2025-02-06 17:31:32,320 ERROR scheduler Skipped queueing frappe.deferred_insert.save_to_db because it was found in queue for development.localhost
2025-02-06 17:31:32,329 ERROR scheduler Skipped queueing frappe.utils.global_search.sync_global_search because it was found in queue for development.localhost
2025-02-06 17:31:32,338 ERROR scheduler Skipped queueing frappe.email.doctype.email_account.email_account.notify_unreplied because it was found in queue for development.localhost
2025-02-06 17:31:32,347 ERROR scheduler Skipped queueing frappe.twofactor.delete_all_barcodes_for_users because it was found in queue for development.localhost
2025-02-06 17:31:32,357 ERROR scheduler Skipped queueing frappe.website.doctype.web_page.web_page.check_publish_status because it was found in queue for development.localhost
2025-02-06 17:31:32,366 ERROR scheduler Skipped queueing frappe.oauth.delete_oauth2_data because it was found in queue for development.localhost
2025-02-06 17:32:33,628 ERROR scheduler Skipped queueing frappe.twofactor.delete_all_barcodes_for_users because it was found in queue for development.localhost
2025-02-06 17:32:33,651 ERROR scheduler Skipped queueing frappe.website.doctype.web_page.web_page.check_publish_status because it was found in queue for development.localhost
2025-02-06 17:32:33,678 ERROR scheduler Skipped queueing frappe.oauth.delete_oauth2_data because it was found in queue for development.localhost
2025-02-06 17:33:34,325 ERROR scheduler Skipped queueing frappe.monitor.flush because it was found in queue for development.localhost
2025-02-06 17:33:34,338 ERROR scheduler Skipped queueing frappe.email.queue.flush because it was found in queue for development.localhost
2025-02-06 17:33:34,360 ERROR scheduler Skipped queueing frappe.email.doctype.email_account.email_account.pull because it was found in queue for development.localhost
2025-02-06 17:46:40,956 ERROR scheduler Skipped queueing frappe.email.doctype.email_account.email_account.notify_unreplied because it was found in queue for development.localhost
2025-02-06 17:46:40,967 ERROR scheduler Skipped queueing frappe.twofactor.delete_all_barcodes_for_users because it was found in queue for development.localhost
2025-02-06 17:46:40,977 ERROR scheduler Skipped queueing frappe.website.doctype.web_page.web_page.check_publish_status because it was found in queue for development.localhost
2025-02-06 17:46:40,987 ERROR scheduler Skipped queueing frappe.oauth.delete_oauth2_data because it was found in queue for development.localhost
